[16:41:26] [Server thread/INFO]: Starting minecraft server version 1.15.2
[16:41:26] [Server thread/INFO]: Loading properties
[16:41:26] [Server thread/INFO]: This server is running Paper version git-Paper-391 (MC: 1.15.2) (Implementing API version 1.15.2-R0.1-SNAPSHOT)
[16:41:26] [Server thread/INFO]: Debug logging is disabled
[16:41:26] [Server thread/INFO]: Server Ping Player Sample Count: 12
[16:41:26] [Server thread/INFO]: Using 4 threads for Netty based IO
[16:41:26] [Server thread/INFO]: Default game type: SURVIVAL
[16:41:26] [Server thread/INFO]: Generating keypair
[16:41:26] [Server thread/INFO]: Starting Minecraft server on *:25565
[16:41:26] [Server thread/INFO]: Using default channel type
[16:41:27] [Server thread/INFO]: [SkinsRestorer] Loading SkinsRestorer v14.1.7
[16:41:27] [Server thread/INFO]: [UserLogin] Loading UserLogin v2.12.1
[16:41:27] [Server thread/INFO]: Server permissions file permissions.yml is empty, ignoring it
[16:41:27] [Server thread/WARN]: **** SERVER IS RUNNING IN OFFLINE/INSECURE MODE!
[16:41:27] [Server thread/WARN]: The server will make no attempt to authenticate usernames. Beware.
[16:41:27] [Server thread/WARN]: While this makes the game possible to play without internet access, it also opens up the ability for hackers to connect with any username they choose.
[16:41:27] [Server thread/WARN]: To change this, set "online-mode" to "true" in the server.properties file.
[16:41:27] [Server thread/INFO]: Preparing level "Survival"
[16:41:27] [Server thread/INFO]: Reloading ResourceManager: Default, bukkit
[16:41:31] [Server thread/INFO]: Loaded 6 recipes
[16:41:31] [Server thread/INFO]: -------- World Settings For [Survival] --------
[16:41:31] [Server thread/INFO]: Custom Map Seeds:  Village: 10387312 Desert: 14357617 Igloo: 14357618 Jungle: 14357619 Swamp: 14357620 Monument: 10387313 Ocean: 14357621 Shipwreck: 165745295 End City: 10387313 Slime: 987234911
[16:41:31] [Server thread/INFO]: View Distance: 3
[16:41:31] [Server thread/INFO]: Max TNT Explosions: 100
[16:41:31] [Server thread/INFO]: Tile Max Tick Time: 1000ms Entity max Tick Time: 1000ms
[16:41:31] [Server thread/INFO]: Allow Zombie Pigmen to spawn from portal blocks: true
[16:41:31] [Server thread/INFO]: Item Despawn Rate: 6000
[16:41:31] [Server thread/INFO]: Item Merge Radius: 3.0
[16:41:31] [Server thread/INFO]: Arrow Despawn Rate: 300 Trident Respawn Rate:1200
[16:41:31] [Server thread/INFO]: Nerfing mobs spawned from spawners: true
[16:41:31] [Server thread/INFO]: Zombie Aggressive Towards Villager: true
[16:41:31] [Server thread/INFO]: Experience Merge Radius: 6.0
[16:41:31] [Server thread/INFO]: Entity Activation Range: An 16 / Mo 16 / Ra 48 / Mi 12 / Tiv false
[16:41:31] [Server thread/INFO]: Entity Tracking Range: Pl 48 / An 48 / Mo 48 / Mi 32 / Other 64
[16:41:31] [Server thread/INFO]: Cactus Growth Modifier: 100%
[16:41:31] [Server thread/INFO]: Cane Growth Modifier: 100%
[16:41:31] [Server thread/INFO]: Melon Growth Modifier: 100%
[16:41:31] [Server thread/INFO]: Mushroom Growth Modifier: 100%
[16:41:31] [Server thread/INFO]: Pumpkin Growth Modifier: 100%
[16:41:31] [Server thread/INFO]: Sapling Growth Modifier: 100%
[16:41:31] [Server thread/INFO]: Beetroot Growth Modifier: 100%
[16:41:31] [Server thread/INFO]: Carrot Growth Modifier: 100%
[16:41:31] [Server thread/INFO]: Potato Growth Modifier: 100%
[16:41:31] [Server thread/INFO]: Wheat Growth Modifier: 100%
[16:41:31] [Server thread/INFO]: NetherWart Growth Modifier: 100%
[16:41:31] [Server thread/INFO]: Vine Growth Modifier: 100%
[16:41:31] [Server thread/INFO]: Cocoa Growth Modifier: 100%
[16:41:31] [Server thread/INFO]: Bamboo Growth Modifier: 100%
[16:41:31] [Server thread/INFO]: SweetBerry Growth Modifier: 100%
[16:41:31] [Server thread/INFO]: Kelp Growth Modifier: 100%
[16:41:31] [Server thread/INFO]: Hopper Transfer: 8 Hopper Check: 1 Hopper Amount: 1
[16:41:31] [Server thread/INFO]: Mob Spawn Range: 2
[16:41:32] [Server thread/INFO]: -------- World Settings For [Survival_the_end] --------
[16:41:32] [Server thread/INFO]: Custom Map Seeds:  Village: 10387312 Desert: 14357617 Igloo: 14357618 Jungle: 14357619 Swamp: 14357620 Monument: 10387313 Ocean: 14357621 Shipwreck: 165745295 End City: 10387313 Slime: 987234911
[16:41:32] [Server thread/INFO]: View Distance: 3
[16:41:32] [Server thread/INFO]: Max TNT Explosions: 100
[16:41:32] [Server thread/INFO]: Tile Max Tick Time: 1000ms Entity max Tick Time: 1000ms
[16:41:32] [Server thread/INFO]: Allow Zombie Pigmen to spawn from portal blocks: true
[16:41:32] [Server thread/INFO]: Item Despawn Rate: 6000
[16:41:32] [Server thread/INFO]: Item Merge Radius: 3.0
[16:41:32] [Server thread/INFO]: Arrow Despawn Rate: 300 Trident Respawn Rate:1200
[16:41:32] [Server thread/INFO]: Nerfing mobs spawned from spawners: true
[16:41:32] [Server thread/INFO]: Zombie Aggressive Towards Villager: true
[16:41:32] [Server thread/INFO]: Experience Merge Radius: 6.0
[16:41:32] [Server thread/INFO]: Entity Activation Range: An 16 / Mo 16 / Ra 48 / Mi 12 / Tiv false
[16:41:32] [Server thread/INFO]: Entity Tracking Range: Pl 48 / An 48 / Mo 48 / Mi 32 / Other 64
[16:41:32] [Server thread/INFO]: Cactus Growth Modifier: 100%
[16:41:32] [Server thread/INFO]: Cane Growth Modifier: 100%
[16:41:32] [Server thread/INFO]: Melon Growth Modifier: 100%
[16:41:32] [Server thread/INFO]: Mushroom Growth Modifier: 100%
[16:41:32] [Server thread/INFO]: Pumpkin Growth Modifier: 100%
[16:41:32] [Server thread/INFO]: Sapling Growth Modifier: 100%
[16:41:32] [Server thread/INFO]: Beetroot Growth Modifier: 100%
[16:41:32] [Server thread/INFO]: Carrot Growth Modifier: 100%
[16:41:32] [Server thread/INFO]: Potato Growth Modifier: 100%
[16:41:32] [Server thread/INFO]: Wheat Growth Modifier: 100%
[16:41:32] [Server thread/INFO]: NetherWart Growth Modifier: 100%
[16:41:32] [Server thread/INFO]: Vine Growth Modifier: 100%
[16:41:32] [Server thread/INFO]: Cocoa Growth Modifier: 100%
[16:41:32] [Server thread/INFO]: Bamboo Growth Modifier: 100%
[16:41:32] [Server thread/INFO]: SweetBerry Growth Modifier: 100%
[16:41:32] [Server thread/INFO]: Kelp Growth Modifier: 100%
[16:41:32] [Server thread/INFO]: Hopper Transfer: 8 Hopper Check: 1 Hopper Amount: 1
[16:41:32] [Server thread/INFO]: Mob Spawn Range: 2
[16:41:32] [Server thread/INFO]: Preparing start region for dimension 'Survival'/minecraft:overworld
[16:41:32] [Server thread/INFO]: Loaded 0 spawn chunks for world Survival
[16:41:32] [Server thread/INFO]: Preparing spawn area: 0%
[16:41:32] [Server thread/INFO]: Time elapsed: 194 ms
[16:41:32] [Server thread/INFO]: Preparing start region for dimension 'Survival_the_end'/minecraft:the_end
[16:41:32] [Server thread/INFO]: Loaded 0 spawn chunks for world Survival_the_end
[16:41:32] [Server thread/INFO]: Time elapsed: 84 ms
[16:41:32] [Server thread/INFO]: [SkinsRestorer] Enabling SkinsRestorer v14.1.7
[16:41:32] [Server thread/INFO]: [SkinsRestorer] Using PaperSkinRefresher
[16:41:32] [Server thread/INFO]: [SkinsRestorer] Detected Minecraft v1_15_R1, using PaperSkinRefresher.
[16:41:32] [Server thread/INFO]: [SkinsRestorer] [ACF] Enabled Asynchronous Tab Completion Support!
[16:41:34] [Server thread/INFO]: [UserLogin] Enabling UserLogin v2.12.1
[16:41:34] [Server thread/INFO]: [UserLogin] UserLogin v2.12.1 enabled
[16:41:34] [Server thread/INFO]: Running delayed init tasks
[16:41:34] [Server thread/INFO]: Done (8.585s)! For help, type "help"
[16:41:34] [Server thread/INFO]: Timings Reset
[16:41:35] [Craft Scheduler Thread - 3/INFO]: [SkinsRestorer] ----------------------------------------------
[16:41:35] [Craft Scheduler Thread - 3/INFO]: [SkinsRestorer]     +==================+
[16:41:35] [Craft Scheduler Thread - 3/INFO]: [SkinsRestorer]     |   SkinsRestorer  |
[16:41:35] [Craft Scheduler Thread - 3/INFO]: [SkinsRestorer]     |------------------|
[16:41:35] [Craft Scheduler Thread - 3/INFO]: [SkinsRestorer]     |  Standalone Mode |
[16:41:35] [Craft Scheduler Thread - 3/INFO]: [SkinsRestorer]     +==================+
[16:41:35] [Craft Scheduler Thread - 3/INFO]: [SkinsRestorer] ----------------------------------------------
[16:41:35] [Craft Scheduler Thread - 3/INFO]: [SkinsRestorer]     Current version: 14.1.7
[16:41:35] [Craft Scheduler Thread - 3/INFO]: [SkinsRestorer]     This is the latest version!
[16:41:35] [Craft Scheduler Thread - 3/INFO]: [SkinsRestorer] ----------------------------------------------
[16:41:35] [Craft Scheduler Thread - 0/INFO]: [UserLogin] A new UserLogin version is available! (vv2.12.1)
[16:42:43] [User Authenticator #1/INFO]: UUID of player Samgame27 is 523a4c68-efbe-3e77-8266-d34758b7cf35
[16:42:44] [Server thread/INFO]: Samgame27[/127.0.0.1:52534] logged in with entity id 140 at ([Survival]240.63812678355055, 68.0, 120.80984740759776)
[16:42:55] [Server thread/INFO]: Samgame27 issued server command: /skins https://i.namemc-static.com/de30a5937f46205e.png
[16:42:58] [Server thread/INFO]: Samgame27 was blown up by Creeper
[16:43:16] [Server thread/INFO]: Samgame27 issued server command: /skin url https://i.namemc-static.com/de30a5937f46205e.png
[16:49:54] [Server thread/INFO]: Samgame27 lost connection: Disconnected
[16:49:54] [Server thread/INFO]: Samgame27 left the game
[16:49:58] [Server thread/INFO]: Stopping the server
[16:49:58] [Server thread/INFO]: Stopping server
[16:49:58] [Server thread/INFO]: [UserLogin] Disabling UserLogin v2.12.1
[16:49:58] [Server thread/INFO]: [SkinsRestorer] Disabling SkinsRestorer v14.1.7
[16:49:58] [Server thread/INFO]: Saving players
[16:49:58] [Server thread/INFO]: Saving worlds
[16:49:58] [Server thread/INFO]: Saving chunks for level 'Survival'/minecraft:overworld
[16:49:58] [Server thread/INFO]: ThreadedAnvilChunkStorage (Survival): All chunks are saved
[16:49:58] [Server thread/INFO]: Saving chunks for level 'Survival_the_end'/minecraft:the_end
[16:49:58] [Server thread/INFO]: ThreadedAnvilChunkStorage (DIM1): All chunks are saved
[16:49:58] [Server thread/INFO]: ThreadedAnvilChunkStorage (Survival): All chunks are saved
[16:49:58] [Server thread/INFO]: ThreadedAnvilChunkStorage (DIM1): All chunks are saved
[16:49:58] [Server thread/INFO]: Flushing Chunk IO
[16:49:58] [Server thread/INFO]: Closing Thread Pool
[16:49:58] [Server thread/INFO]: Closing Server
